<?xml version="1.0" encoding="UTF-8"?>
<!-- Generated by org.testng.reporters.JUnitReportReporter -->
<testsuite skipped="0" hostname="DESKTOP-DN0EQG3" name="Important.One" tests="2" failures="0" timestamp="08 Dec 2021 14:14:54 GMT" time="66.864" errors="0">
  <testcase name="suggestionBox" time="35.153" classname="Important.One"/>
  <testcase name="frame" time="31.711" classname="Important.One"/>
</testsuite> <!-- Important.One -->
